<?xml version="1.0" encoding="UTF-8"?>
<testng-results ignored="0" total="1" passed="1" failed="0" skipped="0">
  <reporter-output>
  </reporter-output>
  <suite started-at="2023-08-06T16:06:50 IST" name="Default suite" finished-at="2023-08-06T16:06:56 IST" duration-ms="5663">
    <groups>
    </groups>
    <test started-at="2023-08-06T16:06:50 IST" name="Default test" finished-at="2023-08-06T16:06:56 IST" duration-ms="5663">
      <class name="testingDemo.ExtentReports.reportsDemo">
        <test-method is-config="true" signature="config()[pri:0, instance:testingDemo.ExtentReports.reportsDemo@3ba987b8]" started-at="2023-08-06T16:06:50 IST" name="config" finished-at="2023-08-06T16:06:50 IST" duration-ms="189" status="PASS">
          <reporter-output>
          </reporter-output>
        </test-method> <!-- config -->
        <test-method signature="initializeBrowser()[pri:0, instance:testingDemo.ExtentReports.reportsDemo@3ba987b8]" started-at="2023-08-06T16:06:50 IST" name="initializeBrowser" finished-at="2023-08-06T16:06:56 IST" duration-ms="5443" status="PASS">
          <reporter-output>
          </reporter-output>
        </test-method> <!-- initializeBrowser -->
      </class> <!-- testingDemo.ExtentReports.reportsDemo -->
    </test> <!-- Default test -->
  </suite> <!-- Default suite -->
</testng-results>
